<?xml version="1.0" encoding="UTF-8"?>
<!-- Generated by org.testng.reporters.JUnitReportReporter -->
<testsuite skipped="0" hostname="LAPTOP-BQFGCDI1" name="com.crm.comcast.contactTest.ContactTest" tests="2" failures="0" timestamp="02 Feb 2022 01:28:31 GMT" time="96.973" errors="0">
  <testcase name="createContactWithOrgTest" time="51.440" classname="com.crm.comcast.contactTest.ContactTest"/>
  <testcase name="createContact" time="45.533" classname="com.crm.comcast.contactTest.ContactTest"/>
</testsuite> <!-- com.crm.comcast.contactTest.ContactTest -->
