<?xml version="1.0" encoding="UTF-8"?>
<!-- Generated by org.testng.reporters.JUnitReportReporter -->
<testsuite skipped="0" hostname="LAPTOP-BQFGCDI1" name="com.crm.comcast.orgTest.OrgTest" tests="2" failures="0" timestamp="02 Feb 2022 01:29:34 GMT" time="36.661" errors="0">
  <testcase name="CreateOrgWithIndustriesTest" time="17.248" classname="com.crm.comcast.orgTest.OrgTest"/>
  <testcase name="CreateOrgTest" time="19.413" classname="com.crm.comcast.orgTest.OrgTest"/>
</testsuite> <!-- com.crm.comcast.orgTest.OrgTest -->
